#
# There is insufficient memory for the Java Runtime Environment to continue.
# Native memory allocation (mmap) failed to map 716177408 bytes for committing reserved memory.
# Possible reasons:
#   The system is out of physical RAM or swap space
#   In 32 bit mode, the process size limit was hit
# Possible solutions:
#   Reduce memory load on the system
#   Increase physical memory or swap space
#   Check if swap backing store is full
#   Use 64 bit Java on a 64 bit OS
#   Decrease Java heap size (-Xmx/-Xms)
#   Decrease number of Java threads
#   Decrease Java thread stack sizes (-Xss)
#   Set larger code cache with -XX:ReservedCodeCacheSize=
# This output file may be truncated or incomplete.
#
#  Out of Memory Error (os_linux.cpp:2627), pid=18352, tid=140184388740864
#
# JRE version:  (8.0_66-b17) (build )
# Java VM: Java HotSpot(TM) 64-Bit Server VM (25.66-b17 mixed mode linux-amd64 compressed oops)
# Failed to write core dump. Core dumps have been disabled. To enable core dumping, try "ulimit -c unlimited" before starting Java again
#

---------------  T H R E A D  ---------------

Current thread (0x00007f7f30009800):  JavaThread "Unknown thread" [_thread_in_vm, id=18406, stack(0x00007f7f38a1a000,0x00007f7f38b1b000)]

Stack: [0x00007f7f38a1a000,0x00007f7f38b1b000],  sp=0x00007f7f38b193b0,  free space=1020k
Native frames: (J=compiled Java code, j=interpreted, Vv=VM code, C=native code)
V  [libjvm.so+0xab9a1a]  VMError::report_and_die()+0x2ba
V  [libjvm.so+0x4f9e0b]  report_vm_out_of_memory(char const*, int, unsigned long, VMErrorType, char const*)+0x8b
V  [libjvm.so+0x91a8a3]  os::Linux::commit_memory_impl(char*, unsigned long, bool)+0x103
V  [libjvm.so+0x91adf9]  os::pd_commit_memory(char*, unsigned long, unsigned long, bool)+0x29
V  [libjvm.so+0x91510a]  os::commit_memory(char*, unsigned long, unsigned long, bool)+0x2a
V  [libjvm.so+0x9887a3]  PSVirtualSpace::expand_by(unsigned long)+0x53
V  [libjvm.so+0x9788e7]  PSOldGen::initialize(ReservedSpace, unsigned long, char const*, int)+0xb7
V  [libjvm.so+0x2d81ba]  AdjoiningGenerations::AdjoiningGenerations(ReservedSpace, GenerationSizer*, unsigned long)+0x39a
V  [libjvm.so+0x93dbc6]  ParallelScavengeHeap::initialize()+0x1d6
V  [libjvm.so+0xa8224b]  Universe::initialize_heap()+0xfb
V  [libjvm.so+0xa825be]  universe_init()+0x3e
V  [libjvm.so+0x6388f5]  init_globals()+0x65
V  [libjvm.so+0xa667be]  Threads::create_vm(JavaVMInitArgs*, bool*)+0x23e
V  [libjvm.so+0x6cce14]  JNI_CreateJavaVM+0x74
C  [libjli.so+0x745e]  JavaMain+0x9e
C  [libpthread.so.0+0x76aa]  start_thread+0xca


---------------  P R O C E S S  ---------------

Java Threads: ( => current thread )

Other Threads:

=>0x00007f7f30009800 (exited) JavaThread "Unknown thread" [_thread_in_vm, id=18406, stack(0x00007f7f38a1a000,0x00007f7f38b1b000)]

VM state:not at safepoint (not fully initialized)

VM Mutex/Monitor currently owned by a thread: None

GC Heap History (0 events):
No events

Deoptimization events (0 events):
No events

Internal exceptions (0 events):
No events

Events (0 events):
No events


Dynamic libraries:
00400000-00401000 r-xp 00000000 08:05 2769266                            /usr/lib/jvm/java-8-oracle/bin/java
00600000-00601000 rw-p 00000000 08:05 2769266                            /usr/lib/jvm/java-8-oracle/bin/java
009fc000-00a1d000 rw-p 00000000 00:00 0                                  [heap]
eab00000-100000000 rw-p 00000000 00:00 0 
7f7f21000000-7f7f21270000 rwxp 00000000 00:00 0 
7f7f21270000-7f7f30000000 ---p 00000000 00:00 0 
7f7f30000000-7f7f30031000 rw-p 00000000 00:00 0 
7f7f30031000-7f7f34000000 ---p 00000000 00:00 0 
7f7f3535a000-7f7f355df000 rw-p 00000000 00:00 0 
7f7f355df000-7f7f35734000 ---p 00000000 00:00 0 
7f7f35734000-7f7f357ea000 rw-p 00000000 00:00 0 
7f7f357ea000-7f7f35ba0000 ---p 00000000 00:00 0 
7f7f35ba0000-7f7f35bba000 r-xp 00000000 08:05 2770743                    /usr/lib/jvm/java-8-oracle/jre/lib/amd64/libzip.so
7f7f35bba000-7f7f35dba000 ---p 0001a000 08:05 2770743                    /usr/lib/jvm/java-8-oracle/jre/lib/amd64/libzip.so
7f7f35dba000-7f7f35dbb000 rw-p 0001a000 08:05 2770743                    /usr/lib/jvm/java-8-oracle/jre/lib/amd64/libzip.so
7f7f35dbb000-7f7f35dc7000 r-xp 00000000 08:05 1708731                    /lib/x86_64-linux-gnu/libnss_files-2.21.so
7f7f35dc7000-7f7f35fc6000 ---p 0000c000 08:05 1708731                    /lib/x86_64-linux-gnu/libnss_files-2.21.so
7f7f35fc6000-7f7f35fc7000 r--p 0000b000 08:05 1708731                    /lib/x86_64-linux-gnu/libnss_files-2.21.so
7f7f35fc7000-7f7f35fc8000 rw-p 0000c000 08:05 1708731                    /lib/x86_64-linux-gnu/libnss_files-2.21.so
7f7f35fc8000-7f7f35fd3000 r-xp 00000000 08:05 1708741                    /lib/x86_64-linux-gnu/libnss_nis-2.21.so
7f7f35fd3000-7f7f361d2000 ---p 0000b000 08:05 1708741                    /lib/x86_64-linux-gnu/libnss_nis-2.21.so
7f7f361d2000-7f7f361d3000 r--p 0000a000 08:05 1708741                    /lib/x86_64-linux-gnu/libnss_nis-2.21.so
7f7f361d3000-7f7f361d4000 rw-p 0000b000 08:05 1708741                    /lib/x86_64-linux-gnu/libnss_nis-2.21.so
7f7f361d4000-7f7f361eb000 r-xp 00000000 08:05 1708725                    /lib/x86_64-linux-gnu/libnsl-2.21.so
7f7f361eb000-7f7f363ea000 ---p 00017000 08:05 1708725                    /lib/x86_64-linux-gnu/libnsl-2.21.so
7f7f363ea000-7f7f363eb000 r--p 00016000 08:05 1708725                    /lib/x86_64-linux-gnu/libnsl-2.21.so
7f7f363eb000-7f7f363ec000 rw-p 00017000 08:05 1708725                    /lib/x86_64-linux-gnu/libnsl-2.21.so
7f7f363ec000-7f7f363ee000 rw-p 00000000 00:00 0 
7f7f363ee000-7f7f363f6000 r-xp 00000000 08:05 1708727                    /lib/x86_64-linux-gnu/libnss_compat-2.21.so
7f7f363f6000-7f7f365f5000 ---p 00008000 08:05 1708727                    /lib/x86_64-linux-gnu/libnss_compat-2.21.so
7f7f365f5000-7f7f365f6000 r--p 00007000 08:05 1708727                    /lib/x86_64-linux-gnu/libnss_compat-2.21.so
7f7f365f6000-7f7f365f7000 rw-p 00008000 08:05 1708727                    /lib/x86_64-linux-gnu/libnss_compat-2.21.so
7f7f365f7000-7f7f36621000 r-xp 00000000 08:05 2770738                    /usr/lib/jvm/java-8-oracle/jre/lib/amd64/libjava.so
7f7f36621000-7f7f36821000 ---p 0002a000 08:05 2770738                    /usr/lib/jvm/java-8-oracle/jre/lib/amd64/libjava.so
7f7f36821000-7f7f36823000 rw-p 0002a000 08:05 2770738                    /usr/lib/jvm/java-8-oracle/jre/lib/amd64/libjava.so
7f7f36823000-7f7f36830000 r-xp 00000000 08:05 2770742                    /usr/lib/jvm/java-8-oracle/jre/lib/amd64/libverify.so
7f7f36830000-7f7f36a30000 ---p 0000d000 08:05 2770742                    /usr/lib/jvm/java-8-oracle/jre/lib/amd64/libverify.so
7f7f36a30000-7f7f36a32000 rw-p 0000d000 08:05 2770742                    /usr/lib/jvm/java-8-oracle/jre/lib/amd64/libverify.so
7f7f36a32000-7f7f36a39000 r-xp 00000000 08:05 1708786                    /lib/x86_64-linux-gnu/librt-2.21.so
7f7f36a39000-7f7f36c38000 ---p 00007000 08:05 1708786                    /lib/x86_64-linux-gnu/librt-2.21.so
7f7f36c38000-7f7f36c39000 r--p 00006000 08:05 1708786                    /lib/x86_64-linux-gnu/librt-2.21.so
7f7f36c39000-7f7f36c3a000 rw-p 00007000 08:05 1708786                    /lib/x86_64-linux-gnu/librt-2.21.so
7f7f36c3a000-7f7f36d41000 r-xp 00000000 08:05 1708704                    /lib/x86_64-linux-gnu/libm-2.21.so
7f7f36d41000-7f7f36f40000 ---p 00107000 08:05 1708704                    /lib/x86_64-linux-gnu/libm-2.21.so
7f7f36f40000-7f7f36f41000 r--p 00106000 08:05 1708704                    /lib/x86_64-linux-gnu/libm-2.21.so
7f7f36f41000-7f7f36f42000 rw-p 00107000 08:05 1708704                    /lib/x86_64-linux-gnu/libm-2.21.so
7f7f36f42000-7f7f37c00000 r-xp 00000000 08:05 2770763                    /usr/lib/jvm/java-8-oracle/jre/lib/amd64/server/libjvm.so
7f7f37c00000-7f7f37dff000 ---p 00cbe000 08:05 2770763                    /usr/lib/jvm/java-8-oracle/jre/lib/amd64/server/libjvm.so
7f7f37dff000-7f7f37ed8000 rw-p 00cbd000 08:05 2770763                    /usr/lib/jvm/java-8-oracle/jre/lib/amd64/server/libjvm.so
7f7f37ed8000-7f7f37f1c000 rw-p 00000000 00:00 0 
7f7f37f1c000-7f7f380dc000 r-xp 00000000 08:05 1708642                    /lib/x86_64-linux-gnu/libc-2.21.so
7f7f380dc000-7f7f382dc000 ---p 001c0000 08:05 1708642                    /lib/x86_64-linux-gnu/libc-2.21.so
7f7f382dc000-7f7f382e0000 r--p 001c0000 08:05 1708642                    /lib/x86_64-linux-gnu/libc-2.21.so
7f7f382e0000-7f7f382e2000 rw-p 001c4000 08:05 1708642                    /lib/x86_64-linux-gnu/libc-2.21.so
7f7f382e2000-7f7f382e6000 rw-p 00000000 00:00 0 
7f7f382e6000-7f7f382e9000 r-xp 00000000 08:05 1708661                    /lib/x86_64-linux-gnu/libdl-2.21.so
7f7f382e9000-7f7f384e8000 ---p 00003000 08:05 1708661                    /lib/x86_64-linux-gnu/libdl-2.21.so
7f7f384e8000-7f7f384e9000 r--p 00002000 08:05 1708661                    /lib/x86_64-linux-gnu/libdl-2.21.so
7f7f384e9000-7f7f384ea000 rw-p 00003000 08:05 1708661                    /lib/x86_64-linux-gnu/libdl-2.21.so
7f7f384ea000-7f7f384ff000 r-xp 00000000 08:05 2770627                    /usr/lib/jvm/java-8-oracle/lib/amd64/jli/libjli.so
7f7f384ff000-7f7f386ff000 ---p 00015000 08:05 2770627                    /usr/lib/jvm/java-8-oracle/lib/amd64/jli/libjli.so
7f7f386ff000-7f7f38700000 rw-p 00015000 08:05 2770627                    /usr/lib/jvm/java-8-oracle/lib/amd64/jli/libjli.so
7f7f38700000-7f7f38718000 r-xp 00000000 08:05 1708778                    /lib/x86_64-linux-gnu/libpthread-2.21.so
7f7f38718000-7f7f38918000 ---p 00018000 08:05 1708778                    /lib/x86_64-linux-gnu/libpthread-2.21.so
7f7f38918000-7f7f38919000 r--p 00018000 08:05 1708778                    /lib/x86_64-linux-gnu/libpthread-2.21.so
7f7f38919000-7f7f3891a000 rw-p 00019000 08:05 1708778                    /lib/x86_64-linux-gnu/libpthread-2.21.so
7f7f3891a000-7f7f3891e000 rw-p 00000000 00:00 0 
7f7f3891e000-7f7f38942000 r-xp 00000000 08:05 1708614                    /lib/x86_64-linux-gnu/ld-2.21.so
7f7f38a1a000-7f7f38a1d000 ---p 00000000 00:00 0 
7f7f38a1d000-7f7f38b1f000 rw-p 00000000 00:00 0                          [stack:18406]
7f7f38b32000-7f7f38b35000 rw-p 00000000 00:00 0 
7f7f38b35000-7f7f38b3d000 rw-s 00000000 08:05 2632416                    /tmp/hsperfdata_anishgt/18352
7f7f38b3d000-7f7f38b3e000 rw-p 00000000 00:00 0 
7f7f38b3e000-7f7f38b3f000 r--p 00000000 00:00 0 
7f7f38b3f000-7f7f38b41000 rw-p 00000000 00:00 0 
7f7f38b41000-7f7f38b42000 r--p 00023000 08:05 1708614                    /lib/x86_64-linux-gnu/ld-2.21.so
7f7f38b42000-7f7f38b43000 rw-p 00024000 08:05 1708614                    /lib/x86_64-linux-gnu/ld-2.21.so
7f7f38b43000-7f7f38b44000 rw-p 00000000 00:00 0 
7ffc31424000-7ffc31446000 rw-p 00000000 00:00 0                          [stack]
7ffc314f0000-7ffc314f2000 r--p 00000000 00:00 0                          [vvar]
7ffc314f2000-7ffc314f4000 r-xp 00000000 00:00 0                          [vdso]
ffffffffff600000-ffffffffff601000 r-xp 00000000 00:00 0                  [vsyscall]

VM Arguments:
jvm_args: -Xms1g -Xmx1g 
java_command: org.apache.spark.deploy.SparkSubmit --packages org.apache.spark:spark-streaming-kafka_2.10:1.5.1 twitterStream.py
java_class_path (initial): /home/anishgt/spark-1.5.2-bin-hadoop2.6/conf/:/home/anishgt/spark-1.5.2-bin-hadoop2.6/lib/spark-assembly-1.5.2-hadoop2.6.0.jar:/home/anishgt/spark-1.5.2-bin-hadoop2.6/lib/datanucleus-core-3.2.10.jar:/home/anishgt/spark-1.5.2-bin-hadoop2.6/lib/datanucleus-api-jdo-3.2.6.jar:/home/anishgt/spark-1.5.2-bin-hadoop2.6/lib/datanucleus-rdbms-3.2.9.jar
Launcher Type: SUN_STANDARD

Environment Variables:
JAVA_HOME=/usr/lib/jvm/java-8-oracle
PATH=/usr/local/sbin:/usr/local/bin:/usr/sbin:/usr/bin:/sbin:/bin:/usr/games:/usr/local/games:/usr/lib/jvm/java-8-oracle/bin:/usr/lib/jvm/java-8-oracle/db/bin:/usr/lib/jvm/java-8-oracle/jre/bin
SHELL=/bin/bash
DISPLAY=:0

Signal Handlers:
SIGSEGV: [libjvm.so+0xaba2a0], sa_mask[0]=11111111011111111101111111111110, sa_flags=SA_RESTART|SA_SIGINFO
SIGBUS: [libjvm.so+0xaba2a0], sa_mask[0]=11111111011111111101111111111110, sa_flags=SA_RESTART|SA_SIGINFO
SIGFPE: [libjvm.so+0x917710], sa_mask[0]=11111111011111111101111111111110, sa_flags=SA_RESTART|SA_SIGINFO
SIGPIPE: [libjvm.so+0x917710], sa_mask[0]=11111111011111111101111111111110, sa_flags=SA_RESTART|SA_SIGINFO
SIGXFSZ: [libjvm.so+0x917710], sa_mask[0]=11111111011111111101111111111110, sa_flags=SA_RESTART|SA_SIGINFO
SIGILL: [libjvm.so+0x917710], sa_mask[0]=11111111011111111101111111111110, sa_flags=SA_RESTART|SA_SIGINFO
SIGUSR1: SIG_DFL, sa_mask[0]=00000000000000000000000000000000, sa_flags=none
SIGUSR2: [libjvm.so+0x918d40], sa_mask[0]=00000000000000000000000000000000, sa_flags=SA_RESTART|SA_SIGINFO
SIGHUP: SIG_DFL, sa_mask[0]=00000000000000000000000000000000, sa_flags=none
SIGINT: SIG_DFL, sa_mask[0]=00000000000000000000000000000000, sa_flags=none
SIGTERM: SIG_DFL, sa_mask[0]=00000000000000000000000000000000, sa_flags=none
SIGQUIT: SIG_DFL, sa_mask[0]=00000000000000000000000000000000, sa_flags=none


---------------  S Y S T E M  ---------------

OS:DISTRIB_ID=Ubuntu
DISTRIB_RELEASE=15.10
DISTRIB_CODENAME=wily
DISTRIB_DESCRIPTION="Ubuntu 15.10"

uname:Linux 4.2.0-23-generic #28-Ubuntu SMP Sun Dec 27 17:47:31 UTC 2015 x86_64
libc:glibc 2.21 NPTL 2.21 
rlimit: STACK 8192k, CORE 0k, NPROC 15061, NOFILE 65536, AS infinity
load average:4.67 1.92 1.04

/proc/meminfo:
MemTotal:        3959740 kB
MemFree:           54160 kB
MemAvailable:     294284 kB
Buffers:           15764 kB
Cached:           523316 kB
SwapCached:        18832 kB
Active:          2822824 kB
Inactive:         871064 kB
Active(anon):    2692448 kB
Inactive(anon):   769524 kB
Active(file):     130376 kB
Inactive(file):   101540 kB
Unevictable:          48 kB
Mlocked:              48 kB
SwapTotal:       2051068 kB
SwapFree:         233448 kB
Dirty:               100 kB
Writeback:             0 kB
AnonPages:       3137844 kB
Mapped:           255668 kB
Shmem:            306228 kB
Slab:              87464 kB
SReclaimable:      37608 kB
SUnreclaim:        49856 kB
KernelStack:       17280 kB
PageTables:        57428 kB
NFS_Unstable:          0 kB
Bounce:                0 kB
WritebackTmp:          0 kB
CommitLimit:     4030936 kB
Committed_AS:   16120848 kB
VmallocTotal:   34359738367 kB
VmallocUsed:      556424 kB
VmallocChunk:   34358423548 kB
HardwareCorrupted:     0 kB
AnonHugePages:    442368 kB
CmaTotal:              0 kB
CmaFree:               0 kB
HugePages_Total:       0
HugePages_Free:        0
HugePages_Rsvd:        0
HugePages_Surp:        0
Hugepagesize:       2048 kB
DirectMap4k:      228992 kB
DirectMap2M:     3878912 kB
DirectMap1G:     1048576 kB


CPU:total 4 (2 cores per cpu, 2 threads per core) family 6 model 61 stepping 4, cmov, cx8, fxsr, mmx, sse, sse2, sse3, ssse3, sse4.1, sse4.2, popcnt, avx, avx2, aes, clmul, erms, 3dnowpref, lzcnt, ht, tsc, tscinvbit, bmi1, bmi2, adx

/proc/cpuinfo:
processor	: 0
vendor_id	: GenuineIntel
cpu family	: 6
model		: 61
model name	: Intel(R) Core(TM) i5-5200U CPU @ 2.20GHz
stepping	: 4
microcode	: 0x18
cpu MHz		: 2359.414
cache size	: 3072 KB
physical id	: 0
siblings	: 4
core id		: 0
cpu cores	: 2
apicid		: 0
initial apicid	: 0
fpu		: yes
fpu_exception	: yes
cpuid level	: 20
wp		: yes
flags		: fpu vme de pse tsc msr pae mce cx8 apic sep mtrr pge mca cmov pat pse36 clflush dts acpi mmx fxsr sse sse2 ss ht tm pbe syscall nx pdpe1gb rdtscp lm constant_tsc arch_perfmon pebs bts rep_good nopl xtopology nonstop_tsc aperfmperf eagerfpu pni pclmulqdq dtes64 monitor ds_cpl vmx est tm2 ssse3 fma cx16 xtpr pdcm pcid sse4_1 sse4_2 x2apic movbe popcnt tsc_deadline_timer aes xsave avx f16c rdrand lahf_lm abm 3dnowprefetch ida arat epb pln pts dtherm intel_pt tpr_shadow vnmi flexpriority ept vpid fsgsbase tsc_adjust bmi1 avx2 smep bmi2 erms invpcid rdseed adx smap xsaveopt
bugs		:
bogomips	: 4389.47
clflush size	: 64
cache_alignment	: 64
address sizes	: 39 bits physical, 48 bits virtual
power management:

processor	: 1
vendor_id	: GenuineIntel
cpu family	: 6
model		: 61
model name	: Intel(R) Core(TM) i5-5200U CPU @ 2.20GHz
stepping	: 4
microcode	: 0x18
cpu MHz		: 2394.562
cache size	: 3072 KB
physical id	: 0
siblings	: 4
core id		: 1
cpu cores	: 2
apicid		: 2
initial apicid	: 2
fpu		: yes
fpu_exception	: yes
cpuid level	: 20
wp		: yes
flags		: fpu vme de pse tsc msr pae mce cx8 apic sep mtrr pge mca cmov pat pse36 clflush dts acpi mmx fxsr sse sse2 ss ht tm pbe syscall nx pdpe1gb rdtscp lm constant_tsc arch_perfmon pebs bts rep_good nopl xtopology nonstop_tsc aperfmperf eagerfpu pni pclmulqdq dtes64 monitor ds_cpl vmx est tm2 ssse3 fma cx16 xtpr pdcm pcid sse4_1 sse4_2 x2apic movbe popcnt tsc_deadline_timer aes xsave avx f16c rdrand lahf_lm abm 3dnowprefetch ida arat epb pln pts dtherm intel_pt tpr_shadow vnmi flexpriority ept vpid fsgsbase tsc_adjust bmi1 avx2 smep bmi2 erms invpcid rdseed adx smap xsaveopt
bugs		:
bogomips	: 4389.47
clflush size	: 64
cache_alignment	: 64
address sizes	: 39 bits physical, 48 bits virtual
power management:

processor	: 2
vendor_id	: GenuineIntel
cpu family	: 6
model		: 61
model name	: Intel(R) Core(TM) i5-5200U CPU @ 2.20GHz
stepping	: 4
microcode	: 0x18
cpu MHz		: 2393.359
cache size	: 3072 KB
physical id	: 0
siblings	: 4
core id		: 0
cpu cores	: 2
apicid		: 1
initial apicid	: 1
fpu		: yes
fpu_exception	: yes
cpuid level	: 20
wp		: yes
flags		: fpu vme de pse tsc msr pae mce cx8 apic sep mtrr pge mca cmov pat pse36 clflush dts acpi mmx fxsr sse sse2 ss ht tm pbe syscall nx pdpe1gb rdtscp lm constant_tsc arch_perfmon pebs bts rep_good nopl xtopology nonstop_tsc aperfmperf eagerfpu pni pclmulqdq dtes64 monitor ds_cpl vmx est tm2 ssse3 fma cx16 xtpr pdcm pcid sse4_1 sse4_2 x2apic movbe popcnt tsc_deadline_timer aes xsave avx f16c rdrand lahf_lm abm 3dnowprefetch ida arat epb pln pts dtherm intel_pt tpr_shadow vnmi flexpriority ept vpid fsgsbase tsc_adjust bmi1 avx2 smep bmi2 erms invpcid rdseed adx smap xsaveopt
bugs		:
bogomips	: 4389.47
clflush size	: 64
cache_alignment	: 64
address sizes	: 39 bits physical, 48 bits virtual
power management:

processor	: 3
vendor_id	: GenuineIntel
cpu family	: 6
model		: 61
model name	: Intel(R) Core(TM) i5-5200U CPU @ 2.20GHz
stepping	: 4
microcode	: 0x18
cpu MHz		: 2630.031
cache size	: 3072 KB
physical id	: 0
siblings	: 4
core id		: 1
cpu cores	: 2
apicid		: 3
initial apicid	: 3
fpu		: yes
fpu_exception	: yes
cpuid level	: 20
wp		: yes
flags		: fpu vme de pse tsc msr pae mce cx8 apic sep mtrr pge mca cmov pat pse36 clflush dts acpi mmx fxsr sse sse2 ss ht tm pbe syscall nx pdpe1gb rdtscp lm constant_tsc arch_perfmon pebs bts rep_good nopl xtopology nonstop_tsc aperfmperf eagerfpu pni pclmulqdq dtes64 monitor ds_cpl vmx est tm2 ssse3 fma cx16 xtpr pdcm pcid sse4_1 sse4_2 x2apic movbe popcnt tsc_deadline_timer aes xsave avx f16c rdrand lahf_lm abm 3dnowprefetch ida arat epb pln pts dtherm intel_pt tpr_shadow vnmi flexpriority ept vpid fsgsbase tsc_adjust bmi1 avx2 smep bmi2 erms invpcid rdseed adx smap xsaveopt
bugs		:
bogomips	: 4389.47
clflush size	: 64
cache_alignment	: 64
address sizes	: 39 bits physical, 48 bits virtual
power management:



Memory: 4k page, physical 3959740k(54160k free), swap 2051068k(233448k free)

vm_info: Java HotSpot(TM) 64-Bit Server VM (25.66-b17) for linux-amd64 JRE (1.8.0_66-b17), built on Oct  6 2015 17:28:34 by "java_re" with gcc 4.3.0 20080428 (Red Hat 4.3.0-8)

time: Sat Jan 30 19:02:44 2016
elapsed time: 0 seconds (0d 0h 0m 0s)

