using device: /dev/ttyACM0
scanning...
scan response: Packet(80, 06, 00, [B9 00 81 DF 2E B5 4D 67 01 FF 17 02 01 06 13 FF 4C 00 0C 0E 00 56 D6 4D DF 0F CE E7 44 D7 16 70 B8 3E])
scan response: Packet(80, 06, 00, [B0 00 3D A8 84 43 4F 78 00 FF 0B 02 01 06 07 FF 4C 00 10 02 0B 00])
scan response: Packet(80, 06, 00, [AF 00 76 37 1E 90 85 8C 00 FF 0B 02 01 06 07 FF 4C 00 10 02 0B 00])
scan response: Packet(80, 06, 00, [B3 00 7B 58 8E 40 E1 D0 00 FF 0B 02 01 06 07 FF 4C 00 10 02 0B 00])
scan response: Packet(80, 06, 00, [BE 00 77 F0 04 90 85 8C 00 FF 0B 02 01 06 07 FF 4C 00 10 02 0B 00])
scan response: Packet(80, 06, 00, [AC 00 30 20 7F 81 3D 4D 01 FF 17 02 01 06 13 FF 4C 00 0C 0E 00 78 2E B8 E4 FA 87 79 53 C1 53 DC 44 C1])
scan response: Packet(80, 06, 00, [AD 00 12 BC 0B 90 85 8C 00 FF 0B 02 01 06 07 FF 4C 00 10 02 07 00])
scan response: Packet(80, 06, 00, [B2 00 77 F0 04 90 85 8C 00 FF 0B 02 01 06 07 FF 4C 00 10 02 0B 00])
scan response: Packet(80, 06, 00, [B7 00 19 14 07 24 0F F4 00 FF 0B 02 01 06 07 FF 4C 00 10 02 0B 00])
scan response: Packet(80, 06, 00, [B2 00 00 14 18 3E A3 72 01 FF 17 02 01 06 13 FF 4C 00 0C 0E 08 7A B9 26 85 E4 09 7E 62 0D E5 D5 B6 2A])
scan response: Packet(80, 06, 00, [A9 00 94 72 90 31 48 E5 01 FF 1B 02 01 06 11 06 BA 56 89 A6 FA BF A2 BD 01 46 7D 6E A6 4C AB AD 05 16 0A 18 07 04])
scan response: Packet(80, 06, 00, [AD 00 93 17 F5 41 CD 69 01 FF 17 02 01 06 13 FF 4C 00 0C 0E 08 BF AA 99 85 13 AB DE 19 B4 2C 81 20 23])
scan response: Packet(80, 06, 00, [AB 00 AF 5B FD 6A 76 5E 01 FF 17 02 01 06 13 FF 4C 00 0C 0E 00 3A A5 C8 1C 11 AC E5 0F 28 E8 6E 26 E6])
scan response: Packet(80, 06, 00, [AB 00 3D A8 84 43 4F 78 00 FF 0B 02 01 06 07 FF 4C 00 10 02 0B 00])
scan response: Packet(80, 06, 00, [B3 00 4C 06 D3 60 5E A4 00 FF 0B 02 01 06 07 FF 4C 00 10 02 0B 00])
scan response: Packet(80, 06, 00, [BB 00 3D 54 10 9B 5A 6A 01 FF 17 02 01 06 13 FF 4C 00 0C 0E 00 CC 1C C5 E1 DF AA 3A E0 13 20 1E 0C 9D])
scan response: Packet(80, 06, 00, [CC 00 5D 32 29 7A 23 7D 01 FF 0B 02 01 06 07 FF 4C 00 10 02 0B 00])
scan response: Packet(80, 06, 00, [B0 00 77 F0 04 90 85 8C 00 FF 0B 02 01 06 07 FF 4C 00 10 02 0B 00])
scan response: Packet(80, 06, 00, [B3 00 59 5D 0B F2 9B 7D 01 FF 0B 02 01 06 07 FF 4C 00 10 02 0B 00])
scan response: Packet(80, 06, 00, [B8 00 6A C8 A7 D1 DA 55 01 FF 0B 02 01 06 07 FF 4C 00 10 02 0B 00])
scan response: Packet(80, 06, 00, [BE 00 77 F0 04 90 85 8C 00 FF 0B 02 01 06 07 FF 4C 00 10 02 0B 00])
scan response: Packet(80, 06, 00, [BE 00 00 14 18 3E A3 72 01 FF 17 02 01 06 13 FF 4C 00 0C 0E 08 7A B9 26 85 E4 09 7E 62 0D E5 D5 B6 2A])
scan response: Packet(80, 06, 00, [C0 00 0D A7 F3 C7 52 04 00 FF 15 02 01 1A 03 03 BE FE 0D FF 10 03 40 0C 01 51 A4 34 D9 A6 65 0C])
scan response: Packet(80, 06, 00, [A8 00 3D A8 84 43 4F 78 00 FF 0B 02 01 06 07 FF 4C 00 10 02 0B 00])
scan response: Packet(80, 06, 00, [A6 00 EB 50 38 C9 19 79 01 FF 17 02 01 06 13 FF 4C 00 0C 0E 00 8C 66 4B 0E E7 02 FC EA FE 08 72 8C 54])
scan response: Packet(80, 06, 00, [B2 00 9A C4 C9 BB 10 5F 01 FF 0E 02 01 1A 0A FF 4C 00 10 05 0A 10 08 7D A3])
scan response: Packet(80, 06, 00, [AA 00 7B 58 8E 40 E1 D0 00 FF 0B 02 01 06 07 FF 4C 00 10 02 0B 00])
scan response: Packet(80, 06, 00, [B0 00 9C D5 3B 7D 7F 7A 01 FF 0B 02 01 06 07 FF 4C 00 10 02 0B 00])
scan response: Packet(80, 06, 00, [AD 00 30 41 7F A6 E6 41 01 FF 17 02 01 06 13 FF 4C 00 0C 0E 08 89 93 DF 9F 84 71 9F 93 8F 30 3F 5B F4])
scan response: Packet(80, 06, 00, [B1 00 00 14 18 3E A3 72 01 FF 17 02 01 06 13 FF 4C 00 0C 0E 08 7A B9 26 85 E4 09 7E 62 0D E5 D5 B6 2A])
scan response: Packet(80, 06, 00, [AE 00 AF 5B FD 6A 76 5E 01 FF 17 02 01 06 13 FF 4C 00 0C 0E 00 3A A5 C8 1C 11 AC E5 0F 28 E8 6E 26 E6])
scan response: Packet(80, 06, 00, [B5 00 8C C6 30 10 BD 6C 01 FF 17 02 01 06 13 FF 4C 00 0C 0E 00 CA 96 2D BE 2B 91 60 BA BF 80 C8 38 9C])
scan response: Packet(80, 06, 00, [B7 00 18 C8 E1 46 81 6D 01 FF 0B 02 01 06 07 FF 4C 00 10 02 0B 00])
scan response: Packet(80, 06, 00, [B5 00 4C 06 D3 60 5E A4 00 FF 0B 02 01 06 07 FF 4C 00 10 02 0B 00])
scan response: Packet(80, 06, 00, [BE 00 77 F0 04 90 85 8C 00 FF 0B 02 01 06 07 FF 4C 00 10 02 0B 00])
scan response: Packet(80, 06, 00, [BD 00 00 14 18 3E A3 72 01 FF 17 02 01 06 13 FF 4C 00 0C 0E 08 7A B9 26 85 E4 09 7E 62 0D E5 D5 B6 2A])
scan response: Packet(80, 06, 00, [CB 00 5D 32 29 7A 23 7D 01 FF 0B 02 01 06 07 FF 4C 00 10 02 0B 00])
scan response: Packet(80, 06, 00, [AB 00 59 5D 0B F2 9B 7D 01 FF 0B 02 01 06 07 FF 4C 00 10 02 0B 00])
scan response: Packet(80, 06, 00, [B1 00 00 14 18 3E A3 72 01 FF 17 02 01 06 13 FF 4C 00 0C 0E 08 7A B9 26 85 E4 09 7E 62 0D E5 D5 B6 2A])
scan response: Packet(80, 06, 00, [AB 00 F2 2C 85 32 BC AC 00 FF 0B 02 01 06 07 FF 4C 00 10 02 0B 00])
scan response: Packet(80, 06, 00, [A9 00 3D A8 84 43 4F 78 00 FF 0B 02 01 06 07 FF 4C 00 10 02 0B 00])
scan response: Packet(80, 06, 00, [B1 00 77 F0 04 90 85 8C 00 FF 0B 02 01 06 07 FF 4C 00 10 02 0B 00])
scan response: Packet(80, 06, 00, [A6 00 DA 1A B8 7B 2E 69 01 FF 17 02 01 06 13 FF 4C 00 0C 0E 00 93 6F 94 51 9C 2B 05 FB 80 D8 53 16 DF])
scan response: Packet(80, 06, 00, [AE 00 90 90 8E D9 E0 98 00 FF 0B 02 01 06 07 FF 4C 00 10 02 0B 00])
scan response: Packet(80, 06, 00, [A5 00 B8 9D BE 32 BC AC 00 FF 0B 02 01 06 07 FF 4C 00 10 02 0B 00])
scan response: Packet(80, 06, 00, [AF 00 5F CF DA 74 35 75 01 FF 1E 02 01 1A 1A FF 4C 00 0C 0E 00 5D DB 03 41 80 4A D4 90 FE F3 14 92 A1 10 05 0A 10 38 41 05])
scan response: Packet(80, 06, 00, [BD 00 EB 6D 12 B8 FC 7B 01 FF 0B 02 01 06 07 FF 4C 00 10 02 0B 00])
scan response: Packet(80, 06, 00, [AD 00 AF 5B FD 6A 76 5E 01 FF 17 02 01 06 13 FF 4C 00 0C 0E 00 3A A5 C8 1C 11 AC E5 0F 28 E8 6E 26 E6])
scan response: Packet(80, 06, 00, [B1 00 00 14 18 3E A3 72 01 FF 17 02 01 06 13 FF 4C 00 0C 0E 08 7A B9 26 85 E4 09 7E 62 0D E5 D5 B6 2A])
scan response: Packet(80, 06, 00, [B1 00 77 F0 04 90 85 8C 00 FF 0B 02 01 06 07 FF 4C 00 10 02 0B 00])
scan response: Packet(80, 06, 00, [BD 00 76 37 1E 90 85 8C 00 FF 0B 02 01 06 07 FF 4C 00 10 02 0B 00])
scan response: Packet(80, 06, 00, [B0 00 AF 5B FD 6A 76 5E 01 FF 17 02 01 06 13 FF 4C 00 0C 0E 00 3A A5 C8 1C 11 AC E5 0F 28 E8 6E 26 E6])
scan response: Packet(80, 06, 00, [AE 00 12 BC 0B 90 85 8C 00 FF 0B 02 01 06 07 FF 4C 00 10 02 07 00])
scan response: Packet(80, 06, 00, [BE 00 77 F0 04 90 85 8C 00 FF 0B 02 01 06 07 FF 4C 00 10 02 0B 00])
scan response: Packet(80, 06, 00, [BE 00 00 14 18 3E A3 72 01 FF 17 02 01 06 13 FF 4C 00 0C 0E 08 7A B9 26 85 E4 09 7E 62 0D E5 D5 B6 2A])
scan response: Packet(80, 06, 00, [B7 00 30 41 7F A6 E6 41 01 FF 17 02 01 06 13 FF 4C 00 0C 0E 08 89 93 DF 9F 84 71 9F 93 8F 30 3F 5B F4])
scan response: Packet(80, 06, 00, [B7 00 19 14 07 24 0F F4 00 FF 0B 02 01 06 07 FF 4C 00 10 02 0B 00])
scan response: Packet(80, 06, 00, [B1 00 00 14 18 3E A3 72 01 FF 17 02 01 06 13 FF 4C 00 0C 0E 08 7A B9 26 85 E4 09 7E 62 0D E5 D5 B6 2A])
scan response: Packet(80, 06, 00, [B5 00 24 57 9C DE 4F 53 01 FF 0B 02 01 06 07 FF 4C 00 10 02 0B 00])
scan response: Packet(80, 06, 00, [B1 00 18 C8 E1 46 81 6D 01 FF 0B 02 01 06 07 FF 4C 00 10 02 0B 00])
scan response: Packet(80, 06, 00, [A6 00 C2 85 B7 D0 C9 20 00 FF 0B 02 01 06 07 FF 4C 00 10 02 0B 00])
scan response: Packet(80, 06, 00, [CE 00 5D 32 29 7A 23 7D 01 FF 0B 02 01 06 07 FF 4C 00 10 02 0B 00])
scan response: Packet(80, 06, 00, [B1 00 77 F0 04 90 85 8C 00 FF 0B 02 01 06 07 FF 4C 00 10 02 0B 00])
scan response: Packet(80, 06, 00, [AC 00 C3 6F A6 75 87 6D 01 FF 0B 02 01 1A 07 FF 4C 00 10 02 0B 00])
scan response: Packet(80, 06, 00, [AF 00 96 55 AF 49 E9 66 01 FF 03 02 01 1A])
scan response: Packet(80, 06, 00, [B7 00 59 5D 0B F2 9B 7D 01 FF 0B 02 01 06 07 FF 4C 00 10 02 0B 00])
scan response: Packet(80, 06, 00, [B1 00 77 F0 04 90 85 8C 00 FF 0B 02 01 06 07 FF 4C 00 10 02 0B 00])
scan response: Packet(80, 06, 00, [B0 00 90 90 8E D9 E0 98 00 FF 0B 02 01 06 07 FF 4C 00 10 02 0B 00])
scan response: Packet(80, 06, 00, [B1 00 00 14 18 3E A3 72 01 FF 17 02 01 06 13 FF 4C 00 0C 0E 08 7A B9 26 85 E4 09 7E 62 0D E5 D5 B6 2A])
scan response: Packet(80, 06, 00, [AF 00 5F CF DA 74 35 75 01 FF 1E 02 01 1A 1A FF 4C 00 0C 0E 00 5D DB 03 41 80 4A D4 90 FE F3 14 92 A1 10 05 0A 10 38 41 05])
scan response: Packet(80, 06, 00, [BD 00 1F 9F 2D BE E1 6D 01 FF 17 02 01 06 13 FF 4C 00 0C 0E 08 F2 6A 8E 7F AB EA 76 1D 25 F5 42 22 70])
scan response: Packet(80, 06, 00, [B0 00 3D A8 84 43 4F 78 00 FF 0B 02 01 06 07 FF 4C 00 10 02 0B 00])
scan response: Packet(80, 06, 00, [BD 00 EB 6D 12 B8 FC 7B 01 FF 0B 02 01 06 07 FF 4C 00 10 02 0B 00])
scan response: Packet(80, 06, 00, [BE 00 00 14 18 3E A3 72 01 FF 17 02 01 06 13 FF 4C 00 0C 0E 08 7A B9 26 85 E4 09 7E 62 0D E5 D5 B6 2A])
scan response: Packet(80, 06, 00, [B8 00 81 DF 2E B5 4D 67 01 FF 17 02 01 06 13 FF 4C 00 0C 0E 00 56 D6 4D DF 0F CE E7 44 D7 16 70 B8 3E])
scan response: Packet(80, 06, 00, [A8 00 D3 C8 E1 C2 15 3C 00 FF 0B 02 01 06 07 FF 4C 00 10 02 0B 00])
scan response: Packet(80, 06, 00, [B5 00 7B 58 8E 40 E1 D0 00 FF 0B 02 01 06 07 FF 4C 00 10 02 0B 00])
scan response: Packet(80, 06, 00, [BD 00 77 F0 04 90 85 8C 00 FF 0B 02 01 06 07 FF 4C 00 10 02 0B 00])
scan response: Packet(80, 06, 00, [B3 00 5D 74 64 43 4F 78 00 FF 0B 02 01 06 07 FF 4C 00 10 02 0B 00])
scan response: Packet(80, 06, 00, [AB 00 30 20 7F 81 3D 4D 01 FF 17 02 01 06 13 FF 4C 00 0C 0E 00 78 2E B8 E4 FA 87 79 53 C1 53 DC 44 C1])
scan response: Packet(80, 06, 00, [A9 00 AF 5B FD 6A 76 5E 01 FF 17 02 01 06 13 FF 4C 00 0C 0E 00 3A A5 C8 1C 11 AC E5 0F 28 E8 6E 26 E6])
scan response: Packet(80, 06, 00, [B5 00 19 14 07 24 0F F4 00 FF 0B 02 01 06 07 FF 4C 00 10 02 0B 00])
scan response: Packet(80, 06, 00, [AE 00 00 14 18 3E A3 72 01 FF 17 02 01 06 13 FF 4C 00 0C 0E 08 7A B9 26 85 E4 09 7E 62 0D E5 D5 B6 2A])
scan response: Packet(80, 06, 00, [AD 00 93 17 F5 41 CD 69 01 FF 17 02 01 06 13 FF 4C 00 0C 0E 08 BF AA 99 85 13 AB DE 19 B4 2C 81 20 23])
scan response: Packet(80, 06, 00, [B0 00 24 57 9C DE 4F 53 01 FF 0B 02 01 06 07 FF 4C 00 10 02 0B 00])
scan response: Packet(80, 06, 00, [BB 00 3D 54 10 9B 5A 6A 01 FF 17 02 01 06 13 FF 4C 00 0C 0E 00 CC 1C C5 E1 DF AA 3A E0 13 20 1E 0C 9D])
scan response: Packet(80, 06, 00, [CD 00 5D 32 29 7A 23 7D 01 FF 0B 02 01 06 07 FF 4C 00 10 02 0B 00])
scan response: Packet(80, 06, 00, [AD 00 77 F0 04 90 85 8C 00 FF 0B 02 01 06 07 FF 4C 00 10 02 0B 00])
scan response: Packet(80, 06, 00, [B5 00 59 5D 0B F2 9B 7D 01 FF 0B 02 01 06 07 FF 4C 00 10 02 0B 00])
scan response: Packet(80, 06, 00, [BD 00 77 F0 04 90 85 8C 00 FF 0B 02 01 06 07 FF 4C 00 10 02 0B 00])
scan response: Packet(80, 06, 00, [BC 00 00 14 18 3E A3 72 01 FF 17 02 01 06 13 FF 4C 00 0C 0E 08 7A B9 26 85 E4 09 7E 62 0D E5 D5 B6 2A])
scan response: Packet(80, 06, 00, [AF 00 82 A1 4C 02 1D 4E 01 FF 17 02 01 06 13 FF 4C 00 0C 0E 08 CE C8 80 ED F9 53 8F A2 2F AF 6A 00 F9])
scan response: Packet(80, 06, 00, [AD 00 16 6F 24 18 C9 5F 01 FF 18 02 01 1A 14 FF 4C 00 01 00 00 20 00 00 00 00 00 00 00 00 00 00 00 00 04])
scan response: Packet(80, 06, 00, [AC 00 77 F0 04 90 85 8C 00 FF 0B 02 01 06 07 FF 4C 00 10 02 0B 00])
scan response: Packet(80, 06, 00, [B8 00 E0 71 1E 90 85 8C 00 FF 0B 02 01 06 07 FF 4C 00 10 02 0B 00])
scan response: Packet(80, 06, 00, [B8 00 4A B4 12 C4 A8 67 01 FF 0B 02 01 06 07 FF 4C 00 10 02 0B 00])
scan response: Packet(80, 06, 00, [B7 00 1F 9F 2D BE E1 6D 01 FF 17 02 01 06 13 FF 4C 00 0C 0E 08 F2 6A 8E 7F AB EA 76 1D 25 F5 42 22 70])
scan response: Packet(80, 06, 00, [AC 00 00 14 18 3E A3 72 01 FF 17 02 01 06 13 FF 4C 00 0C 0E 08 7A B9 26 85 E4 09 7E 62 0D E5 D5 B6 2A])
scan response: Packet(80, 06, 00, [AD 00 C3 6F A6 75 87 6D 01 FF 0B 02 01 1A 07 FF 4C 00 10 02 0B 00])
scan response: Packet(80, 06, 00, [B1 00 5D 74 64 43 4F 78 00 FF 0B 02 01 06 07 FF 4C 00 10 02 0B 00])
scan response: Packet(80, 06, 00, [AD 00 30 20 7F 81 3D 4D 01 FF 17 02 01 06 13 FF 4C 00 0C 0E 00 78 2E B8 E4 FA 87 79 53 C1 53 DC 44 C1])
scan response: Packet(80, 06, 00, [AD 00 EB 50 38 C9 19 79 01 FF 17 02 01 06 13 FF 4C 00 0C 0E 00 8C 66 4B 0E E7 02 FC EA FE 08 72 8C 54])
scan response: Packet(80, 06, 00, [B1 00 9C D5 3B 7D 7F 7A 01 FF 0B 02 01 06 07 FF 4C 00 10 02 0B 00])
scan response: Packet(80, 06, 00, [AD 00 30 41 7F A6 E6 41 01 FF 17 02 01 06 13 FF 4C 00 0C 0E 08 89 93 DF 9F 84 71 9F 93 8F 30 3F 5B F4])
scan response: Packet(80, 06, 00, [AD 00 19 14 07 24 0F F4 00 FF 0B 02 01 06 07 FF 4C 00 10 02 0B 00])
scan response: Packet(80, 06, 00, [AC 00 00 14 18 3E A3 72 01 FF 17 02 01 06 13 FF 4C 00 0C 0E 08 7A B9 26 85 E4 09 7E 62 0D E5 D5 B6 2A])
scan response: Packet(80, 06, 00, [BA 00 7B 6D E4 CF 99 5E 01 FF 0B 02 01 06 07 FF 4C 00 10 02 0B 00])
scan response: Packet(80, 06, 00, [B7 00 8C C6 30 10 BD 6C 01 FF 17 02 01 06 13 FF 4C 00 0C 0E 00 CA 96 2D BE 2B 91 60 BA BF 80 C8 38 9C])
scan response: Packet(80, 06, 00, [BB 00 00 14 18 3E A3 72 01 FF 17 02 01 06 13 FF 4C 00 0C 0E 08 7A B9 26 85 E4 09 7E 62 0D E5 D5 B6 2A])
scan response: Packet(80, 06, 00, [C5 00 71 BD 8F A3 65 E4 00 FF 1F 09 08 41 64 69 74 79 61 00 00 02 01 06 11 06 42 48 12 4A 7F 2C 48 47 B9 DE 04 A9 01 00 06 D5])
firmware version: 1.5.1970.2
device name:    Aditya
arm Arm.RIGHT xdir XDirection.X_TOWARD_ELBOW
pose Pose.REST
(72, 228, 381, 59, 63, 31, 30, 30)
(73, 240, 412, 62, 63, 28, 28, 27)
(85, 235, 400, 63, 60, 29, 30, 31)
(76, 228, 399, 60, 52, 30, 30, 31)
(74, 247, 385, 77, 41, 31, 29, 32)
(69, 243, 297, 70, 39, 27, 27, 29)
(74, 255, 302, 70, 38, 28, 28, 33)
(81, 273, 327, 75, 35, 29, 27, 29)
(83, 293, 356, 77, 37, 28, 27, 33)
(79, 251, 320, 57, 40, 25, 25, 31)
(84, 257, 367, 64, 39, 26, 26, 33)
(94, 238, 353, 70, 48, 30, 29, 33)
(82, 234, 357, 71, 55, 33, 30, 35)
(81, 217, 323, 70, 58, 34, 31, 31)
(81, 210, 326, 71, 65, 36, 31, 31)
(76, 189, 292, 67, 68, 37, 30, 30)
(70, 185, 280, 64, 63, 36, 29, 30)
(70, 180, 322, 68, 66, 36, 27, 29)
(68, 180, 329, 67, 71, 36, 28, 30)
(69, 189, 327, 64, 65, 34, 28, 30)
(70, 186, 308, 64, 63, 34, 28, 31)
(61, 207, 362, 85, 68, 35, 29, 35)
(79, 197, 306, 78, 61, 34, 31, 36)
(80, 192, 297, 85, 63, 34, 30, 36)
(82, 195, 300, 92, 64, 38, 31, 38)
(83, 201, 301, 93, 62, 37, 31, 38)
(86, 157, 234, 75, 60, 38, 30, 36)
(69, 150, 233, 75, 58, 36, 28, 35)
(72, 186, 264, 73, 48, 36, 29, 39)
(69, 177, 259, 66, 54, 33, 28, 37)
(70, 179, 262, 74, 55, 33, 29, 37)
(76, 179, 229, 66, 51, 31, 29, 34)
(74, 204, 279, 72, 55, 33, 32, 37)
(69, 182, 315, 69, 55, 30, 31, 31)
(70, 211, 361, 83, 60, 29, 30, 31)
(69, 216, 372, 77, 62, 33, 31, 30)
(59, 235, 424, 89, 58, 31, 30, 31)
(71, 247, 420, 93, 59, 30, 28, 33)
(70, 238, 376, 91, 57, 31, 27, 33)
(71, 217, 329, 78, 45, 30, 29, 33)
(74, 220, 330, 80, 49, 31, 29, 33)
(76, 203, 258, 71, 58, 32, 30, 34)
(67, 181, 255, 66, 56, 35, 30, 31)
(67, 192, 260, 73, 60, 36, 31, 31)
(67, 197, 272, 75, 59, 36, 30, 33)
(60, 178, 268, 68, 55, 33, 28, 31)
(47, 177, 274, 68, 53, 34, 30, 29)
(63, 153, 226, 57, 52, 28, 28, 28)
(66, 196, 312, 55, 47, 28, 29, 30)
(69, 237, 359, 59, 48, 29, 32, 27)
(72, 243, 362, 63, 48, 30, 30, 28)
(73, 251, 376, 64, 43, 28, 28, 30)
(70, 248, 380, 68, 52, 31, 28, 30)
(73, 213, 310, 68, 52, 31, 29, 30)
(69, 159, 237, 62, 52, 31, 25, 31)
(72, 210, 318, 72, 51, 30, 28, 34)
(72, 207, 310, 70, 52, 31, 27, 31)
(58, 209, 303, 66, 46, 28, 27, 29)
(73, 236, 352, 73, 51, 31, 28, 33)
(73, 253, 364, 76, 53, 30, 29, 32)
(71, 226, 315, 69, 53, 33, 29, 31)
(68, 210, 299, 67, 55, 31, 28, 30)
(79, 238, 373, 75, 52, 31, 28, 35)
(73, 215, 330, 64, 48, 27, 26, 29)
(81, 208, 354, 80, 51, 30, 29, 33)
(80, 205, 348, 80, 54, 28, 27, 32)
(82, 214, 372, 89, 55, 34, 33, 37)
(74, 185, 299, 81, 60, 33, 33, 33)
(66, 184, 313, 83, 58, 33, 35, 34)
(66, 170, 275, 66, 55, 31, 31, 29)
(68, 180, 276, 61, 49, 29, 32, 33)
(65, 187, 260, 48, 45, 23, 27, 28)
(70, 203, 266, 49, 42, 24, 29, 30)
(65, 208, 257, 51, 48, 27, 25, 32)
(83, 211, 261, 52, 47, 31, 27, 34)
(84, 183, 217, 48, 47, 30, 28, 31)
(84, 172, 205, 48, 44, 29, 27, 32)
(80, 151, 194, 50, 57, 34, 26, 30)
(84, 164, 182, 63, 62, 35, 27, 31)
(60, 165, 177, 66, 65, 33, 30, 32)
(70, 177, 194, 70, 67, 32, 28, 34)
(71, 187, 204, 75, 67, 33, 28, 33)
(71, 181, 203, 74, 55, 29, 30, 34)
(64, 153, 209, 62, 46, 26, 30, 32)
(60, 145, 197, 58, 45, 25, 28, 29)
(59, 136, 190, 58, 55, 33, 31, 30)
(59, 110, 184, 52, 60, 39, 31, 32)
(58, 118, 200, 49, 59, 38, 30, 32)
(57, 131, 217, 45, 63, 37, 28, 31)
(59, 139, 229, 48, 63, 38, 30, 33)
(63, 172, 232, 44, 52, 33, 28, 31)
(69, 274, 389, 70, 53, 29, 28, 31)
(69, 273, 393, 72, 54, 28, 28, 31)
(69, 266, 384, 70, 49, 29, 27, 30)
(74, 273, 402, 77, 52, 30, 27, 30)
(73, 256, 399, 81, 59, 33, 26, 29)
(67, 164, 317, 67, 55, 31, 28, 32)
(69, 176, 344, 68, 56, 34, 29, 32)
(73, 181, 360, 72, 57, 37, 30, 34)
(79, 169, 345, 65, 54, 36, 28, 34)
(78, 196, 384, 65, 46, 33, 30, 36)
(76, 185, 358, 57, 46, 31, 29, 31)
(76, 185, 332, 58, 47, 31, 27, 32)
(89, 182, 314, 57, 46, 30, 27, 33)
(81, 197, 335, 57, 48, 27, 27, 32)
(78, 193, 301, 52, 50, 26, 26, 31)
(79, 199, 267, 53, 51, 28, 25, 31)
(85, 194, 312, 56, 52, 29, 26, 33)
(71, 207, 315, 57, 52, 26, 25, 31)
(71, 189, 297, 59, 47, 27, 26, 33)
(69, 204, 311, 67, 49, 30, 27, 34)
(82, 209, 309, 69, 47, 29, 28, 35)
(78, 212, 343, 73, 44, 28, 29, 35)
(86, 240, 350, 70, 51, 31, 29, 34)
(94, 256, 355, 67, 50, 31, 27, 33)
(98, 255, 364, 60, 54, 32, 28, 34)
(94, 273, 414, 63, 56, 33, 28, 32)
(91, 266, 359, 61, 62, 33, 27, 32)
(97, 243, 344, 60, 57, 31, 27, 34)
(86, 227, 331, 62, 58, 31, 29, 32)
(81, 217, 324, 67, 52, 27, 26, 32)
(74, 196, 258, 62, 50, 26, 28, 32)
(82, 203, 266, 59, 49, 30, 28, 31)
(82, 194, 285, 60, 55, 30, 28, 31)
(84, 191, 279, 58, 54, 31, 27, 31)
(84, 164, 297, 57, 62, 36, 28, 30)
(91, 151, 309, 57, 63, 34, 26, 31)
(104, 166, 282, 64, 68, 34, 29, 33)
(108, 188, 282, 67, 65, 36, 30, 32)
(106, 195, 282, 66, 66, 36, 31, 33)
(106, 200, 226, 61, 58, 31, 31, 32)
(113, 192, 249, 65, 56, 31, 31, 33)
(98, 175, 248, 54, 40, 26, 28, 30)
(96, 166, 266, 49, 41, 26, 27, 29)
(103, 176, 293, 60, 47, 25, 24, 30)
(109, 197, 316, 61, 47, 27, 27, 32)
(103, 222, 348, 60, 48, 27, 27, 29)
(104, 221, 343, 64, 53, 29, 29, 31)
(95, 208, 305, 65, 56, 29, 29, 32)
(101, 230, 337, 68, 55, 31, 33, 32)
(95, 212, 315, 66, 54, 30, 30, 30)
(86, 193, 242, 62, 52, 29, 29, 30)
(80, 225, 329, 64, 50, 29, 28, 31)
(90, 225, 340, 65, 43, 29, 30, 30)
(80, 199, 294, 54, 40, 26, 26, 29)
(81, 199, 304, 54, 40, 25, 26, 29)
(83, 200, 307, 53, 41, 26, 26, 29)
(85, 172, 292, 66, 50, 31, 28, 31)
(81, 178, 302, 63, 51, 29, 25, 31)
(80, 172, 296, 63, 50, 32, 26, 33)
(80, 170, 290, 66, 54, 33, 25, 33)
(95, 166, 294, 71, 54, 34, 28, 35)
(105, 178, 221, 56, 50, 29, 25, 30)
(104, 204, 302, 71, 53, 34, 30, 37)
(101, 214, 312, 71, 55, 31, 28, 34)
(99, 213, 320, 77, 58, 33, 32, 36)
(103, 212, 325, 73, 57, 30, 29, 35)
(120, 212, 339, 70, 53, 31, 31, 41)
(115, 199, 259, 58, 52, 27, 27, 34)
(117, 208, 268, 64, 51, 31, 30, 37)
(115, 210, 255, 51, 43, 25, 27, 33)
(98, 211, 251, 50, 40, 27, 29, 33)
(69, 201, 229, 50, 39, 24, 26, 26)
(78, 199, 245, 47, 29, 25, 27, 28)
(81, 186, 215, 38, 37, 24, 24, 26)
(86, 245, 309, 63, 46, 30, 26, 29)
(92, 273, 323, 73, 56, 33, 26, 31)
(100, 269, 325, 77, 57, 36, 30, 37)
(102, 256, 304, 76, 59, 35, 29, 36)
(99, 254, 312, 77, 55, 37, 31, 37)
(97, 214, 258, 66, 49, 33, 29, 36)
(95, 181, 260, 60, 40, 33, 30, 33)
(90, 190, 277, 64, 43, 34, 29, 29)
(87, 203, 289, 65, 40, 33, 29, 29)
(84, 201, 274, 61, 45, 32, 27, 28)
(94, 184, 232, 59, 53, 34, 28, 28)
(93, 195, 308, 59, 55, 35, 29, 32)
(84, 186, 297, 50, 49, 30, 27, 30)
(89, 180, 308, 52, 51, 31, 29, 33)
(92, 170, 311, 56, 52, 30, 27, 33)
(84, 164, 314, 55, 48, 30, 29, 35)
(86, 149, 203, 49, 48, 25, 25, 31)
(98, 145, 193, 50, 50, 27, 26, 33)
(87, 140, 187, 48, 54, 29, 25, 30)
(98, 148, 188, 47, 46, 29, 27, 31)
(94, 168, 210, 44, 40, 27, 25, 31)
(91, 167, 228, 45, 45, 30, 26, 32)
(80, 166, 219, 46, 47, 30, 25, 34)
(81, 176, 208, 42, 47, 31, 27, 34)
(63, 169, 205, 39, 47, 30, 26, 33)
(86, 151, 186, 49, 54, 32, 26, 30)
(105, 154, 197, 52, 55, 31, 27, 36)
(111, 168, 209, 59, 54, 31, 31, 38)
(110, 156, 197, 59, 52, 26, 28, 38)
(124, 164, 211, 62, 53, 29, 30, 45)
(114, 175, 214, 54, 48, 28, 30, 58)
(108, 197, 209, 64, 43, 29, 30, 56)
(128, 221, 247, 71, 48, 28, 30, 60)
(141, 224, 246, 76, 51, 33, 33, 100)
(166, 219, 230, 74, 50, 32, 36, 111)
(203, 206, 228, 72, 48, 33, 51, 142)
(223, 176, 217, 62, 44, 32, 53, 144)
(224, 139, 159, 50, 37, 31, 52, 146)
(226, 116, 147, 44, 29, 28, 54, 165)
(245, 106, 154, 50, 31, 31, 58, 165)
(316, 108, 139, 59, 35, 30, 48, 141)
(321, 109, 123, 58, 36, 29, 46, 143)
(313, 140, 164, 56, 39, 36, 55, 184)
(362, 151, 188, 55, 41, 35, 53, 158)
(366, 150, 185, 54, 39, 35, 50, 157)
(298, 155, 186, 51, 41, 36, 48, 182)
(320, 172, 206, 55, 48, 40, 57, 187)
(388, 132, 181, 53, 46, 38, 67, 198)
(356, 133, 253, 76, 57, 40, 67, 201)
(356, 150, 289, 81, 63, 41, 69, 220)
(368, 145, 298, 86, 68, 47, 77, 238)
(374, 123, 293, 93, 72, 51, 95, 314)
(379, 175, 352, 118, 90, 63, 97, 286)
(398, 204, 306, 111, 85, 72, 121, 287)
(465, 199, 290, 108, 80, 71, 148, 295)
(506, 215, 283, 108, 81, 82, 210, 313)
(534, 217, 273, 104, 77, 79, 226, 274)
(528, 184, 213, 85, 62, 76, 232, 298)
(538, 146, 195, 80, 60, 78, 234, 311)
(523, 144, 167, 82, 65, 88, 238, 307)
(502, 170, 168, 81, 60, 90, 229, 357)
(537, 181, 215, 88, 63, 92, 219, 357)
pose Pose.FIST
(618, 182, 236, 101, 58, 87, 217, 344)
(623, 213, 233, 103, 66, 83, 220, 360)
(670, 238, 243, 104, 62, 72, 208, 388)
(749, 229, 254, 123, 60, 66, 232, 347)
(788, 219, 245, 143, 74, 91, 281, 354)
(750, 263, 319, 156, 79, 99, 313, 381)
(860, 281, 352, 175, 94, 117, 355, 405)
(896, 272, 350, 191, 100, 135, 427, 414)
(963, 286, 348, 190, 102, 147, 445, 426)
(948, 299, 386, 173, 92, 139, 422, 431)
(1030, 318, 331, 154, 95, 145, 413, 458)
(965, 346, 415, 139, 78, 136, 409, 429)
(973, 395, 449, 123, 79, 130, 369, 442)
(931, 386, 455, 117, 86, 121, 362, 432)
(899, 386, 430, 118, 83, 117, 356, 405)
(878, 363, 461, 129, 83, 109, 345, 363)
(920, 315, 380, 126, 87, 115, 316, 378)
(893, 285, 339, 134, 85, 117, 306, 331)
(908, 310, 372, 139, 79, 109, 257, 335)
(953, 309, 345, 148, 87, 113, 275, 350)
(928, 332, 414, 145, 85, 119, 296, 382)
(875, 336, 409, 141, 84, 113, 290, 382)
(888, 311, 427, 141, 82, 103, 257, 406)
(871, 311, 477, 143, 91, 110, 256, 402)
(898, 332, 504, 135, 85, 108, 249, 399)
(870, 295, 431, 128, 83, 97, 229, 393)
(975, 323, 450, 151, 111, 121, 256, 428)
(961, 353, 462, 157, 114, 122, 279, 412)
(935, 359, 418, 154, 110, 116, 268, 382)
(872, 354, 431, 166, 114, 115, 272, 372)
(858, 349, 399, 179, 119, 114, 287, 346)
(790, 318, 393, 180, 98, 81, 261, 265)
(864, 312, 445, 174, 97, 81, 272, 257)
(904, 286, 431, 165, 92, 83, 289, 267)
(946, 287, 475, 159, 91, 89, 281, 303)
(993, 293, 518, 143, 85, 103, 278, 285)
(962, 313, 551, 122, 81, 118, 324, 334)
(875, 303, 553, 113, 77, 118, 295, 371)
(907, 317, 570, 135, 83, 119, 284, 415)
(872, 324, 534, 130, 87, 114, 271, 397)
(829, 376, 567, 135, 100, 114, 260, 421)
(867, 426, 664, 135, 98, 97, 207, 410)
(857, 457, 723, 137, 100, 99, 216, 379)
(762, 498, 727, 128, 102, 101, 203, 346)
(907, 528, 715, 118, 93, 94, 202, 377)
(922, 507, 696, 115, 74, 83, 218, 358)
(904, 449, 559, 131, 74, 85, 231, 330)
(935, 442, 520, 136, 70, 76, 220, 321)
(900, 413, 566, 125, 64, 72, 217, 309)
(738, 379, 638, 137, 70, 76, 236, 285)
(773, 427, 676, 140, 79, 80, 210, 296)
(718, 446, 695, 127, 81, 80, 188, 318)
(678, 419, 650, 117, 82, 87, 203, 309)
(671, 390, 603, 119, 81, 85, 227, 294)
(641, 365, 576, 112, 82, 91, 214, 267)
(563, 296, 521, 110, 83, 84, 225, 351)
(734, 289, 507, 111, 97, 96, 220, 459)
(888, 286, 485, 117, 97, 88, 221, 464)
(954, 292, 477, 115, 99, 92, 255, 512)
(1000, 325, 490, 121, 99, 86, 270, 517)
(996, 322, 472, 117, 89, 83, 252, 457)
(913, 317, 477, 112, 71, 63, 241, 358)
(772, 308, 464, 107, 70, 61, 226, 358)
(731, 285, 471, 111, 62, 58, 162, 306)
(729, 269, 461, 126, 74, 58, 129, 311)
(704, 255, 461, 138, 81, 60, 134, 306)
(688, 246, 480, 137, 84, 61, 159, 276)
(723, 267, 488, 145, 85, 69, 169, 268)
(687, 275, 462, 137, 85, 64, 165, 261)
(685, 281, 428, 114, 78, 59, 162, 256)
(689, 285, 404, 110, 73, 62, 184, 247)
(671, 291, 424, 109, 68, 64, 204, 248)
(605, 323, 508, 114, 67, 58, 266, 253)
(626, 349, 527, 120, 73, 64, 294, 232)
(602, 318, 484, 120, 66, 64, 293, 206)
(579, 310, 478, 114, 67, 62, 284, 249)
(597, 292, 425, 114, 65, 65, 271, 244)
(646, 222, 300, 103, 61, 65, 242, 249)
(622, 171, 256, 96, 59, 64, 212, 249)
(560, 205, 350, 103, 64, 64, 242, 282)
(620, 225, 368, 97, 68, 139, 247, 256)
(570, 231, 363, 95, 72, 140, 249, 236)
(515, 238, 343, 85, 72, 141, 224, 219)
(523, 257, 330, 101, 71, 142, 219, 215)
(535, 296, 279, 99, 80, 145, 216, 200)
(488, 299, 264, 97, 76, 81, 232, 195)
(552, 341, 355, 110, 76, 81, 252, 234)
(624, 357, 392, 126, 82, 82, 243, 231)
(625, 346, 400, 114, 83, 96, 242, 223)
(638, 301, 368, 106, 75, 101, 234, 198)
(612, 289, 376, 105, 72, 99, 232, 193)
(562, 266, 337, 94, 73, 92, 200, 152)
(456, 242, 286, 71, 65, 91, 197, 150)
(454, 281, 304, 68, 58, 72, 201, 157)
(446, 280, 295, 78, 61, 67, 208, 172)
(469, 276, 275, 73, 63, 70, 184, 174)
(498, 273, 230, 79, 64, 72, 173, 172)
(466, 263, 231, 86, 63, 69, 184, 160)
(423, 210, 217, 89, 64, 66, 183, 174)
(389, 195, 214, 80, 54, 62, 142, 150)
(422, 197, 213, 87, 62, 62, 139, 150)
(445, 154, 188, 78, 66, 62, 151, 145)
(443, 190, 237, 76, 68, 61, 127, 147)
(443, 189, 216, 73, 68, 62, 136, 133)
(445, 195, 209, 77, 72, 66, 163, 140)
(390, 178, 210, 73, 71, 68, 202, 132)
(307, 182, 206, 74, 74, 72, 203, 132)
(345, 150, 181, 76, 73, 75, 217, 136)
(359, 161, 192, 91, 78, 78, 216, 145)
(369, 165, 224, 92, 75, 71, 217, 149)
(467, 183, 245, 93, 73, 76, 184, 163)
(456, 185, 257, 94, 64, 70, 184, 162)
(455, 182, 267, 98, 73, 70, 168, 156)
(488, 191, 256, 91, 69, 65, 154, 137)
(514, 185, 241, 90, 74, 65, 133, 134)
(428, 180, 214, 85, 68, 58, 126, 115)
(445, 175, 196, 79, 68, 68, 127, 125)
(441, 178, 157, 72, 59, 72, 125, 128)
(432, 183, 164, 65, 62, 72, 121, 134)
(404, 185, 174, 65, 58, 72, 116, 148)
(420, 176, 167, 67, 60, 65, 114, 153)
(413, 176, 172, 69, 59, 53, 108, 145)
(424, 209, 190, 65, 55, 49, 111, 139)
(401, 192, 179, 65, 59, 50, 120, 130)
(381, 185, 153, 64, 59, 50, 122, 112)
(369, 197, 196, 68, 57, 50, 118, 102)
(386, 205, 204, 73, 56, 53, 120, 114)
(367, 182, 249, 73, 57, 49, 134, 126)
(360, 176, 261, 69, 44, 55, 128, 127)
(380, 172, 276, 68, 38, 53, 121, 117)
(402, 161, 267, 70, 43, 52, 124, 118)
(441, 162, 291, 81, 50, 56, 115, 127)
(427, 176, 266, 91, 55, 56, 96, 123)
(448, 172, 281, 101, 66, 63, 95, 130)
(457, 181, 273, 104, 73, 70, 92, 139)
(428, 199, 294, 111, 71, 72, 85, 130)
(377, 186, 273, 108, 76, 67, 76, 127)
(385, 150, 240, 102, 71, 80, 81, 139)
(370, 166, 214, 92, 65, 70, 97, 137)
(339, 164, 217, 90, 62, 62, 100, 139)
(369, 139, 197, 83, 65, 63, 105, 152)
(413, 148, 238, 70, 57, 89, 108, 140)
(452, 161, 264, 70, 57, 80, 105, 150)
(457, 153, 274, 73, 59, 99, 106, 153)
(483, 171, 294, 69, 60, 106, 113, 164)
(529, 175, 281, 82, 59, 117, 113, 163)
(479, 172, 234, 82, 63, 103, 118, 159)
(455, 184, 239, 83, 69, 102, 115, 168)
(438, 182, 240, 81, 65, 84, 99, 160)
(408, 167, 225, 91, 62, 76, 85, 140)
(381, 172, 230, 71, 56, 55, 89, 169)
(391, 185, 242, 72, 55, 53, 80, 171)
(355, 202, 307, 71, 55, 54, 85, 140)
(362, 199, 305, 80, 60, 53, 94, 149)
(378, 203, 316, 77, 61, 53, 98, 150)
(344, 219, 365, 96, 63, 56, 94, 112)
(354, 212, 382, 93, 64, 54, 102, 126)
(377, 189, 340, 95, 59, 50, 95, 140)
(371, 192, 337, 86, 55, 50, 91, 133)
(390, 222, 410, 93, 54, 54, 95, 145)
(474, 207, 375, 80, 55, 58, 100, 147)
(474, 213, 385, 84, 62, 55, 91, 147)
(476, 207, 364, 81, 63, 70, 93, 136)
(481, 215, 373, 87, 66, 75, 99, 137)
(487, 173, 267, 75, 64, 76, 101, 128)
(359, 168, 257, 71, 72, 78, 90, 118)
(397, 185, 250, 87, 65, 85, 95, 107)
(389, 197, 275, 116, 70, 75, 88, 99)
(377, 211, 295, 130, 68, 73, 74, 100)
(378, 242, 328, 137, 75, 75, 73, 108)
(449, 249, 376, 137, 64, 69, 78, 109)
(432, 241, 350, 127, 59, 62, 71, 101)
(440, 271, 388, 106, 51, 58, 73, 108)
(461, 268, 373, 82, 48, 55, 80, 108)
(436, 250, 365, 70, 44, 45, 69, 90)
(428, 243, 320, 74, 50, 45, 85, 100)
(442, 278, 369, 82, 54, 45, 88, 109)
(482, 237, 364, 73, 56, 46, 87, 115)
(473, 233, 382, 83, 61, 43, 85, 117)
(462, 252, 405, 97, 64, 44, 85, 117)
(499, 288, 453, 102, 66, 40, 70, 145)
(481, 285, 484, 105, 67, 40, 67, 140)
(440, 288, 467, 108, 70, 73, 69, 128)
(429, 318, 543, 112, 69, 80, 65, 125)
(432, 357, 601, 123, 72, 83, 65, 130)
(331, 353, 671, 126, 71, 89, 61, 91)
(371, 341, 659, 126, 70, 90, 58, 91)
(373, 351, 654, 123, 76, 71, 62, 105)
(446, 325, 592, 117, 81, 68, 65, 106)
(446, 275, 525, 91, 73, 68, 72, 146)
(457, 283, 438, 81, 69, 61, 72, 161)
(421, 286, 421, 72, 69, 58, 86, 164)
(434, 288, 475, 88, 57, 50, 85, 156)
(369, 320, 533, 93, 50, 41, 83, 156)
(378, 329, 575, 108, 54, 35, 79, 118)
(365, 327, 568, 107, 60, 34, 82, 102)
(393, 341, 589, 110, 63, 36, 73, 102)
(387, 349, 565, 109, 68, 41, 77, 121)
(380, 346, 528, 101, 67, 40, 73, 118)
(422, 335, 509, 102, 73, 51, 73, 124)
(416, 321, 509, 110, 73, 76, 66, 122)
(405, 298, 469, 106, 71, 82, 62, 130)
(375, 285, 445, 100, 67, 84, 49, 110)
pose Pose.REST
(377, 255, 441, 111, 71, 89, 54, 117)
(344, 327, 513, 120, 71, 97, 58, 110)
(368, 321, 474, 113, 66, 83, 56, 118)
(382, 313, 467, 113, 70, 79, 56, 113)
(386, 310, 449, 110, 70, 77, 56, 119)
(378, 301, 421, 97, 63, 78, 53, 114)
(347, 278, 357, 86, 56, 67, 49, 111)
(342, 294, 421, 89, 58, 69, 50, 99)
(267, 296, 430, 89, 50, 65, 46, 87)
(276, 290, 445, 89, 51, 64, 47, 95)
(286, 296, 466, 92, 48, 60, 45, 120)
(318, 247, 418, 75, 43, 50, 38, 125)
(341, 214, 352, 60, 37, 40, 42, 143)
(388, 260, 363, 63, 36, 41, 56, 155)
(373, 281, 372, 66, 38, 48, 57, 148)
(364, 285, 357, 72, 44, 74, 60, 125)
(389, 301, 351, 82, 48, 81, 62, 123)
(423, 305, 377, 86, 52, 87, 69, 120)
(390, 261, 360, 81, 56, 89, 58, 105)
(396, 264, 355, 81, 53, 84, 57, 107)
(400, 252, 368, 76, 54, 66, 53, 109)
(348, 220, 353, 74, 59, 62, 52, 103)
(255, 233, 355, 83, 58, 53, 35, 81)
(242, 239, 367, 88, 54, 59, 37, 71)
(214, 202, 341, 82, 58, 56, 38, 68)
(183, 228, 347, 84, 63, 51, 40, 64)
(159, 222, 327, 74, 55, 44, 37, 60)
(176, 227, 293, 60, 58, 43, 38, 62)
(211, 261, 279, 69, 69, 152, 75, 188)
(237, 328, 379, 105, 75, 184, 103, 241)
(242, 380, 491, 138, 94, 212, 111, 275)
(249, 471, 657, 196, 120, 310, 145, 350)
(227, 533, 826, 242, 146, 513, 242, 416)
(196, 553, 970, 276, 149, 536, 251, 414)
(165, 584, 1015, 274, 147, 532, 248, 427)
(161, 554, 997, 276, 140, 529, 248, 469)
(164, 520, 951, 271, 126, 495, 238, 457)
(184, 486, 904, 249, 100, 299, 164, 473)
(206, 495, 790, 209, 89, 210, 141, 504)
(208, 447, 727, 217, 92, 199, 130, 538)
pose Pose.FIST
(217, 559, 770, 222, 87, 186, 126, 542)
(232, 626, 808, 196, 102, 160, 123, 569)
(217, 610, 727, 193, 106, 126, 93, 521)
(195, 643, 733, 191, 108, 124, 87, 529)
(222, 720, 868, 190, 109, 121, 94, 520)
(218, 701, 881, 170, 107, 107, 99, 505)
(246, 741, 901, 185, 92, 72, 87, 498)
(242, 753, 959, 180, 87, 74, 89, 500)
(263, 780, 1022, 199, 111, 181, 161, 529)
(263, 724, 923, 189, 120, 211, 169, 539)
(319, 728, 902, 237, 135, 219, 178, 549)
(286, 670, 917, 246, 140, 223, 179, 527)
(321, 728, 977, 282, 164, 235, 184, 560)
(331, 811, 971, 296, 154, 174, 154, 537)
(369, 872, 1027, 305, 147, 159, 158, 527)
(326, 834, 1015, 275, 133, 148, 147, 530)
(378, 796, 1031, 260, 128, 145, 164, 573)
(450, 811, 985, 288, 131, 140, 190, 666)
(463, 766, 1004, 277, 130, 131, 173, 620)
(463, 737, 952, 270, 129, 106, 191, 648)
(499, 788, 971, 267, 137, 106, 205, 625)
(477, 827, 915, 273, 140, 111, 243, 603)
(386, 866, 916, 211, 116, 84, 221, 469)
(354, 798, 885, 212, 110, 87, 234, 493)
(302, 776, 897, 212, 108, 80, 240, 508)
(300, 872, 953, 234, 106, 86, 247, 533)
(285, 880, 907, 224, 100, 81, 205, 518)
(363, 796, 877, 211, 93, 100, 214, 514)
(365, 790, 900, 199, 97, 104, 212, 581)
(395, 834, 867, 190, 95, 112, 187, 510)
(370, 711, 834, 164, 89, 114, 191, 492)
(403, 761, 926, 158, 84, 121, 187, 520)
(340, 797, 971, 172, 88, 115, 171, 522)
(346, 853, 952, 176, 90, 116, 161, 527)
(346, 912, 1064, 205, 92, 112, 159, 575)
(329, 919, 1059, 190, 86, 103, 123, 554)
(289, 845, 966, 190, 91, 102, 123, 522)
(287, 847, 968, 191, 84, 104, 123, 542)
(310, 852, 1019, 199, 78, 104, 123, 486)
(306, 845, 1065, 220, 91, 118, 128, 426)
(310, 835, 1123, 252, 108, 139, 137, 451)
(323, 883, 1208, 270, 106, 136, 134, 440)
(315, 846, 1145, 264, 111, 132, 150, 482)
(279, 808, 1096, 269, 130, 125, 139, 427)
(259, 693, 999, 234, 121, 115, 144, 413)
(241, 654, 893, 203, 107, 92, 140, 432)
(242, 569, 836, 180, 106, 87, 142, 460)
(269, 638, 979, 236, 145, 78, 140, 409)
(290, 601, 921, 221, 129, 87, 140, 446)
(318, 642, 865, 256, 144, 109, 150, 483)
(326, 678, 834, 259, 145, 112, 166, 476)
(323, 750, 835, 272, 151, 111, 167, 437)
(313, 685, 639, 219, 108, 109, 157, 437)
(314, 788, 794, 248, 115, 102, 172, 481)
(266, 768, 919, 217, 96, 71, 152, 496)
(266, 764, 1018, 218, 97, 66, 132, 496)
(269, 764, 1045, 212, 105, 63, 148, 509)
(265, 784, 1097, 211, 113, 69, 154, 533)
(255, 727, 1015, 166, 101, 66, 138, 460)
(256, 684, 924, 168, 102, 65, 139, 448)
(260, 706, 809, 169, 106, 85, 138, 420)
(269, 807, 952, 194, 96, 90, 120, 481)
(276, 812, 931, 205, 98, 92, 128, 465)
(258, 763, 925, 239, 126, 105, 142, 521)
(277, 782, 915, 239, 126, 109, 135, 552)
(277, 742, 955, 252, 133, 95, 135, 546)
(246, 548, 726, 226, 132, 92, 132, 536)
(254, 590, 731, 238, 130, 102, 123, 543)
(271, 699, 682, 203, 111, 111, 127, 537)
(284, 741, 885, 209, 108, 112, 123, 462)
(281, 768, 883, 195, 97, 118, 125, 515)
(282, 765, 907, 192, 94, 121, 137, 499)
(258, 688, 875, 167, 90, 115, 144, 474)
(269, 594, 961, 182, 85, 102, 139, 427)
(244, 558, 767, 171, 94, 115, 148, 469)
(246, 518, 736, 160, 98, 146, 153, 426)
(253, 543, 795, 201, 110, 162, 147, 445)
(266, 550, 892, 228, 120, 162, 137, 467)
(254, 544, 860, 228, 118, 157, 126, 493)
(275, 563, 915, 246, 122, 146, 146, 461)
(292, 572, 910, 245, 112, 105, 141, 458)
(303, 622, 867, 220, 101, 68, 139, 433)
(329, 705, 877, 216, 103, 66, 159, 483)
(317, 751, 861, 211, 103, 63, 166, 452)
(299, 732, 844, 194, 92, 61, 170, 444)
(315, 772, 920, 208, 97, 67, 177, 500)
(324, 921, 969, 198, 101, 70, 182, 501)
(297, 903, 881, 194, 86, 80, 163, 407)
(325, 872, 981, 204, 87, 92, 177, 444)
(333, 848, 913, 196, 84, 98, 158, 443)
(308, 796, 899, 194, 77, 101, 156, 413)
(292, 599, 861, 209, 90, 121, 154, 415)
(291, 597, 947, 218, 90, 110, 150, 427)
(278, 598, 818, 203, 87, 105, 152, 450)
(258, 639, 868, 202, 95, 100, 150, 465)
(258, 673, 805, 195, 98, 108, 162, 515)
(304, 738, 896, 197, 88, 87, 166, 515)
(317, 724, 804, 165, 87, 93, 185, 590)
(307, 742, 857, 183, 93, 103, 165, 550)
(328, 733, 822, 185, 89, 114, 169, 570)
(327, 712, 829, 182, 98, 109, 177, 528)
(296, 632, 725, 172, 94, 112, 173, 530)
(273, 617, 720, 168, 92, 126, 158, 450)
(298, 590, 720, 158, 101, 130, 160, 467)
(297, 638, 792, 188, 117, 149, 171, 469)
(291, 640, 846, 202, 114, 154, 149, 451)
(265, 603, 809, 210, 118, 154, 144, 423)
(269, 575, 803, 220, 122, 139, 145, 413)
(232, 656, 893, 250, 122, 133, 166, 425)
(226, 622, 874, 231, 112, 99, 146, 407)
(225, 664, 843, 222, 110, 78, 140, 381)
(235, 670, 827, 206, 102, 69, 141, 363)
(284, 686, 878, 222, 120, 78, 148, 454)
(286, 594, 809, 186, 110, 63, 130, 433)
(285, 598, 788, 182, 112, 63, 129, 419)
(303, 587, 835, 197, 111, 67, 129, 431)
(323, 611, 851, 203, 116, 69, 126, 424)
(305, 642, 902, 180, 95, 59, 128, 329)
(334, 676, 873, 184, 93, 59, 116, 347)
(326, 638, 877, 187, 95, 64, 109, 374)
(327, 666, 836, 176, 93, 62, 118, 342)
(340, 680, 938, 208, 105, 63, 127, 408)
(317, 627, 878, 204, 104, 61, 104, 448)
(310, 586, 932, 201, 102, 57, 102, 424)
(316, 633, 962, 218, 104, 53, 137, 412)
(301, 593, 914, 213, 108, 57, 135, 440)
(258, 557, 787, 188, 108, 60, 130, 474)
(298, 585, 791, 179, 106, 61, 134, 422)
(282, 584, 675, 169, 105, 60, 144, 427)
(272, 540, 628, 159, 106, 64, 136, 432)
(316, 510, 696, 157, 98, 61, 140, 445)
(342, 620, 874, 176, 88, 59, 138, 375)
(316, 615, 904, 194, 95, 60, 138, 378)
(315, 633, 906, 195, 103, 64, 161, 385)
(330, 670, 903, 182, 88, 56, 149, 394)
(294, 675, 861, 186, 89, 55, 155, 382)
(281, 566, 769, 173, 87, 50, 148, 371)
(282, 538, 712, 160, 84, 49, 163, 377)
(318, 524, 821, 205, 90, 58, 173, 403)
(298, 500, 853, 224, 95, 60, 179, 376)
(294, 520, 904, 226, 100, 60, 164, 352)
(291, 521, 845, 211, 94, 60, 165, 349)
(316, 609, 936, 220, 100, 67, 168, 365)
(271, 685, 899, 192, 91, 62, 128, 363)
(299, 714, 971, 203, 94, 63, 112, 362)
(305, 695, 927, 191, 88, 60, 115, 375)
(305, 690, 956, 197, 88, 61, 162, 393)
(278, 656, 906, 198, 84, 59, 149, 372)
(300, 558, 858, 183, 78, 53, 152, 335)
(284, 572, 757, 143, 67, 48, 158, 376)
(270, 591, 852, 152, 73, 51, 159, 350)
(279, 604, 916, 176, 98, 68, 161, 375)
(269, 624, 902, 162, 90, 59, 155, 377)
(255, 650, 959, 182, 96, 62, 153, 373)
(240, 560, 922, 183, 95, 65, 160, 360)
(236, 572, 845, 180, 92, 63, 157, 372)
(227, 559, 787, 167, 78, 51, 120, 328)
(218, 490, 768, 174, 91, 57, 119, 316)
(210, 426, 664, 148, 85, 56, 113, 300)
(210, 428, 660, 150, 91, 54, 90, 223)
(211, 379, 640, 143, 90, 54, 88, 200)
(192, 340, 613, 130, 90, 47, 66, 178)
(192, 312, 610, 111, 75, 43, 62, 172)
(194, 326, 604, 117, 76, 40, 55, 158)
(203, 414, 616, 112, 70, 37, 53, 150)
(197, 413, 637, 123, 88, 43, 55, 193)
(196, 414, 601, 124, 84, 50, 60, 169)
(213, 401, 527, 126, 89, 47, 59, 166)
(229, 380, 511, 118, 88, 49, 61, 188)
(235, 306, 562, 124, 90, 49, 62, 190)
(296, 399, 608, 127, 74, 44, 55, 149)
(306, 418, 625, 121, 73, 38, 73, 187)
(329, 482, 651, 119, 72, 38, 77, 184)
(313, 506, 731, 121, 70, 36, 77, 163)
(317, 518, 802, 138, 73, 41, 82, 163)
(280, 526, 819, 141, 95, 46, 83, 153)
(263, 513, 771, 134, 88, 46, 79, 171)
(225, 465, 785, 133, 85, 44, 77, 175)
(221, 493, 765, 142, 86, 46, 75, 180)
(212, 481, 637, 116, 80, 42, 68, 174)
(203, 379, 548, 86, 46, 35, 72, 204)
(205, 399, 614, 103, 58, 41, 87, 269)
(202, 431, 557, 102, 76, 43, 88, 271)
(197, 376, 511, 107, 77, 43, 91, 271)
(193, 374, 611, 133, 85, 44, 93, 272)
(192, 364, 587, 147, 91, 46, 89, 248)
(178, 324, 520, 136, 84, 40, 57, 106)
(178, 284, 522, 134, 69, 36, 50, 92)
(181, 273, 467, 126, 68, 34, 44, 90)
(172, 225, 280, 103, 58, 34, 47, 85)
(148, 185, 225, 82, 49, 31, 65, 88)
(157, 182, 197, 86, 51, 38, 83, 86)
(148, 144, 165, 89, 53, 44, 115, 86)
(157, 125, 170, 93, 55, 49, 158, 86)
(158, 114, 170, 88, 63, 53, 182, 85)
(185, 121, 172, 86, 64, 52, 185, 96)
(206, 132, 182, 95, 83, 58, 202, 113)
(222, 135, 205, 89, 83, 59, 240, 129)
(213, 142, 221, 73, 77, 58, 239, 122)
(215, 142, 242, 70, 75, 54, 239, 135)
(199, 142, 239, 74, 75, 60, 264, 138)
(198, 120, 244, 61, 64, 53, 253, 136)
(194, 118, 230, 68, 69, 55, 212, 155)
(196, 98, 249, 79, 73, 52, 187, 157)
pose Pose.REST
(182, 110, 241, 87, 77, 61, 182, 162)
(180, 105, 244, 82, 77, 61, 151, 165)
(174, 109, 230, 79, 69, 77, 167, 182)
(163, 99, 221, 75, 62, 78, 161, 161)
(164, 99, 248, 80, 66, 161, 222, 276)
(186, 107, 281, 72, 71, 239, 224, 308)
(190, 122, 321, 78, 75, 255, 229, 369)
(168, 127, 331, 82, 81, 261, 220, 367)
(156, 144, 337, 83, 85, 264, 227, 398)
(150, 148, 295, 77, 82, 233, 185, 331)
(115, 153, 282, 80, 81, 221, 173, 298)
(108, 180, 371, 112, 80, 206, 177, 212)
(141, 197, 419, 126, 86, 193, 178, 197)
(194, 345, 582, 216, 132, 294, 196, 193)
(195, 367, 588, 226, 145, 401, 192, 213)
(218, 367, 683, 231, 140, 461, 198, 230)
(236, 366, 676, 234, 158, 533, 192, 248)
(226, 368, 732, 247, 167, 599, 286, 291)
(192, 253, 623, 183, 141, 613, 277, 270)
(211, 283, 670, 179, 134, 580, 301, 275)
(259, 454, 693, 257, 167, 552, 304, 272)
(251, 466, 694, 246, 150, 518, 303, 255)
(243, 460, 681, 225, 140, 486, 209, 208)
pose Pose.FIST
(262, 470, 677, 243, 152, 425, 215, 196)
(249, 439, 632, 245, 151, 381, 197, 164)
(184, 257, 512, 162, 117, 332, 193, 143)
(160, 212, 438, 155, 113, 314, 189, 161)
(164, 210, 300, 157, 104, 285, 185, 164)
(121, 161, 308, 115, 70, 279, 165, 145)
(105, 155, 315, 92, 61, 276, 133, 144)
(91, 140, 308, 86, 59, 277, 167, 207)
(111, 139, 310, 84, 65, 294, 183, 233)
(125, 131, 329, 88, 83, 319, 216, 325)
(130, 134, 337, 99, 99, 430, 218, 344)
(143, 131, 355, 111, 115, 464, 244, 478)
(187, 153, 387, 105, 115, 455, 216, 474)
(178, 165, 400, 104, 111, 476, 216, 471)
(172, 185, 407, 96, 102, 475, 193, 421)
(171, 199, 407, 87, 90, 394, 202, 408)
(158, 202, 380, 70, 67, 355, 168, 235)
(104, 244, 453, 87, 64, 355, 164, 188)
(97, 267, 485, 103, 66, 270, 143, 140)
(80, 279, 520, 109, 62, 280, 134, 107)
(99, 286, 529, 115, 62, 284, 172, 137)
(123, 402, 664, 155, 93, 324, 244, 201)
(133, 509, 870, 183, 100, 393, 264, 208)
(171, 580, 1011, 259, 130, 509, 351, 251)
(184, 602, 1096, 284, 147, 589, 363, 284)
(194, 618, 1146, 308, 155, 629, 393, 313)
(198, 605, 1168, 325, 158, 617, 368, 326)
(211, 545, 1033, 327, 165, 633, 370, 327)
(193, 489, 932, 283, 149, 608, 309, 344)
(192, 451, 815, 261, 133, 522, 296, 323)
(184, 430, 772, 244, 130, 466, 223, 277)
(176, 345, 629, 209, 113, 485, 196, 221)
(149, 265, 587, 179, 96, 436, 194, 213)
(131, 190, 500, 153, 87, 349, 196, 150)
(115, 179, 471, 154, 86, 304, 206, 135)
(93, 159, 389, 127, 72, 325, 203, 130)
(82, 157, 384, 101, 74, 376, 217, 276)
(101, 170, 273, 93, 80, 392, 203, 375)
(124, 173, 282, 97, 89, 407, 173, 384)
(127, 211, 273, 89, 92, 458, 173, 400)
(133, 196, 266, 93, 99, 490, 217, 440)
(133, 199, 283, 98, 88, 493, 220, 371)
(126, 178, 293, 108, 87, 465, 217, 276)
(124, 184, 322, 103, 77, 470, 209, 254)
(133, 156, 400, 108, 80, 443, 199, 228)
(143, 204, 490, 139, 100, 390, 180, 159)
(146, 286, 577, 160, 115, 332, 210, 147)
(171, 415, 748, 227, 126, 339, 232, 153)
(167, 498, 761, 235, 133, 583, 281, 241)
(189, 560, 814, 261, 128, 614, 332, 244)
(202, 539, 824, 263, 139, 643, 317, 258)
(189, 476, 785, 217, 135, 704, 467, 349)
(257, 550, 800, 282, 170, 676, 519, 510)
(276, 497, 811, 295, 173, 555, 518, 488)
(269, 416, 767, 299, 187, 550, 499, 484)
(262, 411, 715, 291, 173, 580, 491, 501)
(261, 398, 649, 291, 171, 557, 340, 438)
(197, 304, 639, 224, 136, 623, 242, 220)
(166, 305, 620, 204, 126, 608, 213, 219)
(133, 286, 545, 133, 86, 577, 153, 208)
(122, 271, 506, 126, 82, 515, 158, 137)
(108, 238, 432, 97, 73, 447, 135, 151)
(108, 186, 449, 104, 83, 367, 133, 147)
(85, 151, 403, 92, 72, 306, 123, 148)
(93, 164, 399, 99, 87, 354, 123, 154)
(93, 157, 396, 90, 91, 340, 123, 170)
(89, 149, 406, 94, 91, 407, 169, 207)
(83, 134, 311, 84, 85, 384, 176, 227)
(88, 135, 290, 86, 89, 410, 199, 215)
(83, 111, 280, 83, 78, 359, 208, 223)
(69, 99, 274, 84, 72, 378, 199, 219)
pose Pose.REST
(66, 94, 247, 76, 62, 292, 173, 168)
(59, 99, 273, 72, 56, 267, 153, 139)
(80, 186, 343, 104, 72, 223, 134, 131)
(87, 203, 344, 114, 79, 216, 123, 111)
(97, 204, 367, 122, 83, 144, 152, 102)
(130, 282, 484, 177, 97, 179, 166, 119)
(142, 310, 563, 197, 110, 201, 194, 131)
(151, 362, 584, 205, 115, 414, 267, 188)
(169, 386, 653, 244, 144, 501, 323, 255)
(234, 432, 761, 319, 201, 534, 429, 304)
(227, 403, 761, 305, 204, 528, 433, 310)
(227, 407, 760, 315, 209, 527, 430, 321)
(228, 371, 779, 328, 218, 453, 398, 292)
(213, 359, 795, 311, 202, 376, 358, 254)
(153, 308, 727, 248, 158, 340, 232, 203)
(142, 330, 762, 239, 146, 339, 234, 192)
(137, 308, 743, 220, 139, 347, 222, 169)
(110, 256, 697, 178, 109, 340, 215, 165)
(112, 246, 658, 155, 110, 363, 207, 135)
(83, 252, 624, 123, 89, 361, 176, 105)
(78, 194, 492, 107, 91, 353, 135, 82)
(65, 185, 483, 79, 78, 335, 127, 70)
(65, 184, 468, 79, 80, 241, 95, 66)
(53, 148, 400, 69, 63, 158, 95, 60)
(56, 128, 374, 73, 65, 113, 89, 63)
(57, 152, 391, 73, 65, 102, 85, 60)
(60, 148, 316, 77, 70, 87, 73, 58)
(61, 155, 302, 69, 67, 64, 72, 53)
(63, 164, 308, 73, 67, 61, 66, 55)
(54, 159, 302, 63, 64, 56, 63, 50)
(58, 125, 271, 67, 67, 54, 66, 54)
(61, 117, 269, 60, 56, 52, 66, 55)
(58, 110, 254, 62, 55, 53, 76, 55)
(66, 124, 242, 64, 54, 44, 76, 52)
(65, 124, 224, 65, 52, 44, 76, 49)
(82, 174, 222, 80, 59, 50, 76, 57)
(77, 178, 194, 87, 65, 43, 76, 53)
(78, 169, 179, 92, 78, 40, 66, 54)
(70, 151, 174, 88, 87, 43, 64, 53)
(71, 150, 192, 87, 93, 43, 69, 57)
(53, 95, 184, 91, 100, 39, 70, 47)
(58, 89, 200, 87, 100, 44, 70, 50)
(57, 104, 228, 84, 91, 47, 68, 51)
(60, 107, 239, 90, 89, 44, 66, 53)
(62, 111, 231, 94, 88, 45, 58, 50)
(55, 113, 216, 73, 72, 40, 49, 47)
(49, 106, 202, 69, 72, 38, 64, 48)
(51, 93, 213, 66, 79, 35, 59, 43)
(45, 93, 206, 61, 81, 36, 58, 38)
(44, 130, 216, 56, 81, 36, 60, 38)
(44, 127, 209, 55, 80, 38, 61, 39)
(44, 127, 209, 55, 80, 38, 61, 39)

